<?xml version="1.0" encoding="UTF-8"?>
<testsuite xmlns:xsi="http://www.w3.org/2001/XMLSchema-instance" xsi:noNamespaceSchemaLocation="https://maven.apache.org/surefire/maven-surefire-plugin/xsd/surefire-test-report-3.0.xsd" version="3.0" name="com.mycompany.liskov.Postcondiciones.bad.MainTest" time="0.162" tests="1" errors="0" skipped="0" failures="0">
  <properties>
    <property name="java.specification.version" value="21"/>
    <property name="sun.cpu.isalist" value="amd64"/>
    <property name="sun.jnu.encoding" value="Cp1252"/>
    <property name="java.class.path" value="G:\Mi unidad\Universidad Popular del Cesar\Especializacion Ingenieria de software - Unicesar\GitHub\2. Principios solid\Liskov\target\test-classes;G:\Mi unidad\Universidad Popular del Cesar\Especializacion Ingenieria de software - Unicesar\GitHub\2. Principios solid\Liskov\target\classes;C:\Users\JAIRO\.m2\repository\junit\junit\4.13.2\junit-4.13.2.jar;C:\Users\JAIRO\.m2\repository\org\hamcrest\hamcrest-core\1.3\hamcrest-core-1.3.jar;"/>
    <property name="java.vm.vendor" value="Amazon.com Inc."/>
    <property name="sun.arch.data.model" value="64"/>
    <property name="user.variant" value=""/>
    <property name="java.vendor.url" value="https://aws.amazon.com/corretto/"/>
    <property name="user.timezone" value="America/Bogota"/>
    <property name="os.name" value="Windows 11"/>
    <property name="java.vm.specification.version" value="21"/>
    <property name="sun.java.launcher" value="SUN_STANDARD"/>
    <property name="user.country" value="CO"/>
    <property name="sun.boot.library.path" value="C:\Users\JAIRO\.jdks\corretto-21.0.4\bin"/>
    <property name="sun.java.command" value="C:\Users\JAIRO\AppData\Local\Temp\surefire6591447026952698467\surefirebooter-20250602103048052_3.jar C:\Users\JAIRO\AppData\Local\Temp\surefire6591447026952698467 2025-06-02T10-30-47_891-jvmRun1 surefire-20250602103048052_1tmp surefire_0-20250602103048052_2tmp"/>
    <property name="jdk.debug" value="release"/>
    <property name="surefire.test.class.path" value="G:\Mi unidad\Universidad Popular del Cesar\Especializacion Ingenieria de software - Unicesar\GitHub\2. Principios solid\Liskov\target\test-classes;G:\Mi unidad\Universidad Popular del Cesar\Especializacion Ingenieria de software - Unicesar\GitHub\2. Principios solid\Liskov\target\classes;C:\Users\JAIRO\.m2\repository\junit\junit\4.13.2\junit-4.13.2.jar;C:\Users\JAIRO\.m2\repository\org\hamcrest\hamcrest-core\1.3\hamcrest-core-1.3.jar;"/>
    <property name="sun.cpu.endian" value="little"/>
    <property name="user.home" value="C:\Users\JAIRO"/>
    <property name="user.language" value="es"/>
    <property name="java.specification.vendor" value="Oracle Corporation"/>
    <property name="java.version.date" value="2024-07-16"/>
    <property name="java.home" value="C:\Users\JAIRO\.jdks\corretto-21.0.4"/>
    <property name="file.separator" value="\"/>
    <property name="basedir" value="G:\Mi unidad\Universidad Popular del Cesar\Especializacion Ingenieria de software - Unicesar\GitHub\2. Principios solid\Liskov"/>
    <property name="java.vm.compressedOopsMode" value="Zero based"/>
    <property name="line.separator" value="&#10;"/>
    <property name="java.vm.specification.vendor" value="Oracle Corporation"/>
    <property name="java.specification.name" value="Java Platform API Specification"/>
    <property name="surefire.real.class.path" value="C:\Users\JAIRO\AppData\Local\Temp\surefire6591447026952698467\surefirebooter-20250602103048052_3.jar"/>
    <property name="user.script" value=""/>
    <property name="sun.management.compiler" value="HotSpot 64-Bit Tiered Compilers"/>
    <property name="java.runtime.version" value="21.0.4+7-LTS"/>
    <property name="user.name" value="JAIRO"/>
    <property name="stdout.encoding" value="Cp1252"/>
    <property name="path.separator" value=";"/>
    <property name="os.version" value="10.0"/>
    <property name="java.runtime.name" value="OpenJDK Runtime Environment"/>
    <property name="file.encoding" value="UTF-8"/>
    <property name="java.vm.name" value="OpenJDK 64-Bit Server VM"/>
    <property name="java.vendor.version" value="Corretto-21.0.4.7.1"/>
    <property name="localRepository" value="C:\Users\JAIRO\.m2\repository"/>
    <property name="java.vendor.url.bug" value="https://github.com/corretto/corretto-21/issues/"/>
    <property name="java.io.tmpdir" value="C:\Users\JAIRO\AppData\Local\Temp\"/>
    <property name="idea.version" value="2024.1.4"/>
    <property name="java.version" value="21.0.4"/>
    <property name="user.dir" value="G:\Mi unidad\Universidad Popular del Cesar\Especializacion Ingenieria de software - Unicesar\GitHub\2. Principios solid\Liskov"/>
    <property name="os.arch" value="amd64"/>
    <property name="java.vm.specification.name" value="Java Virtual Machine Specification"/>
    <property name="sun.os.patch.level" value=""/>
    <property name="native.encoding" value="Cp1252"/>
    <property name="java.library.path" value="C:\Users\JAIRO\.jdks\corretto-21.0.4\bin;C:\WINDOWS\Sun\Java\bin;C:\WINDOWS\system32;C:\WINDOWS;C:\Program Files\Common Files\Oracle\Java\javapath;C:\Program Files (x86)\Common Files\Oracle\Java\javapath;C:\WINDOWS\system32;C:\WINDOWS;C:\WINDOWS\System32\Wbem;C:\WINDOWS\System32\WindowsPowerShell\v1.0\;C:\WINDOWS\System32\OpenSSH\;C:\Program Files\Java\jdk1.8.0_321\bin;C:\HashiCorp\Vagrant\bin;C:\minikube;C:\Program Files\Git\cmd;C:\Program Files\nodejs\;C:\WINDOWS\system32;C:\WINDOWS;C:\WINDOWS\System32\Wbem;C:\WINDOWS\System32\WindowsPowerShell\v1.0\;C:\WINDOWS\System32\OpenSSH\;C:\Program Files\Amazon\AWSCLIV2\;C:\Users\JAIRO\AppData\Local\Programs\Python\Python313\Scripts\;C:\Users\JAIRO\AppData\Local\Programs\Python\Python313\;C:\Users\JAIRO\AppData\Local\Programs\Python\Launcher\;C:\Users\JAIRO\AppData\Local\Microsoft\WindowsApps;C:\Users\JAIRO\AppData\Local\Google\Cloud SDK\google-cloud-sdk\bin;C:\Program Files\JetBrains\DataGrip 2022.1.4\bin;;C:\Users\JAIRO\AppData\Local\Programs\Microsoft VS Code\bin;C:\Users\JAIRO\AppData\Roaming\npm;;."/>
    <property name="java.vm.info" value="mixed mode, sharing"/>
    <property name="stderr.encoding" value="Cp1252"/>
    <property name="java.vendor" value="Amazon.com Inc."/>
    <property name="java.vm.version" value="21.0.4+7-LTS"/>
    <property name="sun.io.unicode.encoding" value="UnicodeLittle"/>
    <property name="java.class.version" value="65.0"/>
  </properties>
  <testcase name="liskov" classname="com.mycompany.liskov.Postcondiciones.bad.MainTest" time="0.024">
    <system-out><![CDATA[retiro
]]></system-out>
  </testcase>
</testsuite>